<?xml version="1.0" encoding="UTF-8"?>
<!-- Generated by org.testng.reporters.JUnitXMLReporter -->
<testsuite ignored="0" hostname="DESKTOP-9LLI94A" failures="0" tests="3" name="Default test" time="35.514" errors="0" timestamp="2022-09-24T15:19:34 IST">
  <testcase classname="com.qa.tests.Login" name="testlogin" time="11.05"/>
  <testcase classname="com.qa.tests.Login" name="testlogin" time="9.893"/>
  <testcase classname="com.qa.tests.Login" name="testlogin" time="11.005"/>
</testsuite> <!-- Default test -->
