<?xml version="1.0" encoding="UTF-8"?>
<testng-results ignored="0" total="3" passed="3" failed="0" skipped="0">
  <reporter-output>
  </reporter-output>
  <suite started-at="2022-09-24T15:18:59 IST" name="Default suite" finished-at="2022-09-24T15:19:34 IST" duration-ms="35514">
    <groups>
    </groups>
    <test started-at="2022-09-24T15:18:59 IST" name="Default test" finished-at="2022-09-24T15:19:34 IST" duration-ms="35514">
      <class name="com.qa.tests.Login">
        <test-method signature="testlogin(java.util.HashMap)[pri:1, instance:com.qa.tests.Login@28dcca0c]" started-at="2022-09-24T15:18:59 IST" name="testlogin" description="Verifying login page test" data-provider="dataSupplier" finished-at="2022-09-24T15:19:10 IST" duration-ms="11050" status="PASS">
          <params>
            <param index="0">
              <value>
                <![CDATA[{Runmode=Y, ExpectedResult=Success, Username=ranepranali@gmail.com, Browser=Chrome, Password=Prashi@123}]]>
              </value>
            </param>
          </params>
          <reporter-output>
          </reporter-output>
        </test-method> <!-- testlogin -->
        <test-method is-config="true" signature="tearDown()[pri:0, instance:com.qa.tests.Login@28dcca0c]" started-at="2022-09-24T15:19:10 IST" name="tearDown" finished-at="2022-09-24T15:19:12 IST" duration-ms="1274" status="PASS">
          <reporter-output>
          </reporter-output>
        </test-method> <!-- tearDown -->
        <test-method signature="testlogin(java.util.HashMap)[pri:1, instance:com.qa.tests.Login@28dcca0c]" started-at="2022-09-24T15:19:12 IST" name="testlogin" description="Verifying login page test" data-provider="dataSupplier" finished-at="2022-09-24T15:19:21 IST" duration-ms="9893" status="PASS">
          <params>
            <param index="0">
              <value>
                <![CDATA[{Runmode=Y, ExpectedResult=Success, Username=amolpatil62@gmail.com, Browser=Firefox, Password=abcde}]]>
              </value>
            </param>
          </params>
          <reporter-output>
          </reporter-output>
        </test-method> <!-- testlogin -->
        <test-method is-config="true" signature="tearDown()[pri:0, instance:com.qa.tests.Login@28dcca0c]" started-at="2022-09-24T15:19:21 IST" name="tearDown" finished-at="2022-09-24T15:19:22 IST" duration-ms="860" status="PASS">
          <reporter-output>
          </reporter-output>
        </test-method> <!-- tearDown -->
        <test-method signature="testlogin(java.util.HashMap)[pri:1, instance:com.qa.tests.Login@28dcca0c]" started-at="2022-09-24T15:19:22 IST" name="testlogin" description="Verifying login page test" data-provider="dataSupplier" finished-at="2022-09-24T15:19:33 IST" duration-ms="11005" status="PASS">
          <params>
            <param index="0">
              <value>
                <![CDATA[{Runmode=Y, ExpectedResult=Failure, Username=akshay3@gmail.com, Browser=Chrome, Password=12345.0}]]>
              </value>
            </param>
          </params>
          <reporter-output>
          </reporter-output>
        </test-method> <!-- testlogin -->
        <test-method is-config="true" signature="tearDown()[pri:0, instance:com.qa.tests.Login@28dcca0c]" started-at="2022-09-24T15:19:33 IST" name="tearDown" finished-at="2022-09-24T15:19:34 IST" duration-ms="769" status="PASS">
          <reporter-output>
          </reporter-output>
        </test-method> <!-- tearDown -->
      </class> <!-- com.qa.tests.Login -->
    </test> <!-- Default test -->
  </suite> <!-- Default suite -->
</testng-results>
