<?xml version="1.0" encoding="UTF-8"?>
<!-- Generated by org.testng.reporters.JUnitXMLReporter -->
<testsuite ignored="0" hostname="DESKTOP-9LLI94A" failures="0" tests="3" name="Testcases" time="45.702" errors="0" timestamp="2022-09-24T15:09:01 IST">
  <testcase classname="com.qa.tests.Login" name="testlogin" time="16.096"/>
  <testcase classname="com.qa.tests.Login" name="testlogin" time="8.298"/>
  <testcase classname="com.qa.tests.Login" name="testlogin" time="18.266"/>
</testsuite> <!-- Testcases -->
